
**************************************************************************
 ___       _                               _____ _           _
|_ _|_ __ | |_ ___  __ _ _ __ ___  _ __   |  ___(_)_ __   __| | ___ _ __
 | || '_ \| __/ _ \/ _` | '__/ _ \| '_ \  | |_  | | '_ \ / _` |/ _ \ '__|
 | || | | | ||  __/ (_| | | | (_) | | | | |  _| | | | | | (_| |  __/ |
|___|_| |_|\__\___|\__, |_|  \___/|_| |_| |_|   |_|_| |_|\__,_|\___|_|
                   |___/

**************************************************************************

integron_finder version 2.0
Using:
 - Python 3.10.6 (main, Mar 10 2023, 10:55:28) [GCC 11.3.0]
 - numpy 1.24.2
 - pandas 1.5.3
 - matplolib 3.7.1
 - biopython 1.81

 - Prodigal V2.6.3: February, 2016
 - INFERNAL 1.1.4 (Dec 2020)
 - HMMER 3.3.2 (Nov 2020); http://hmmer.org/

Authors:
 - Jean Cury, Bertrand Neron, Eduardo Rocha,

Citation:

 Identification and analysis of integrons and cassette arrays in bacterial genomes
 Jean Cury; Thomas Jove; Marie Touchon; Bertrand Neron; Eduardo PC Rocha
 Nucleic Acids Research 2016; doi: 10.1093/nar/gkw319

 If you use --func-annot in conjunction with file NCBIfam-AMRFinder.hmm please also cite

 Haft, DH et al., Nucleic Acids Res. 2018 Jan 4;46(D1):D851-D860
 PMID: 29112715


                     =======================

integron_finder is free software: you can redistribute it and/or modify
it under the terms of the GNU General Public License as published by
the Free Software Foundation, either version 3 of the License, or
(at your option) any later version.

integron_finder is distributed in the hope that it will be useful,
but WITHOUT ANY WARRANTY; without even the implied warranty of
MERCHANTABILITY or FITNESS FOR A PARTICULAR PURPOSE. See the
GNU General Public License for more details.

You should have received a copy of the GNU General Public License
along with this program (COPYING file).
If not, see <http://www.gnu.org/licenses/>.

                     =======================

command used: integron_finder --local-max AAYMVG02.1.fsa_nt

                     =======================

[0m
INFO     : ############ Processing replicon AAYMVG020000001.1 (1/66) ############

INFO     : Starting Default search ... :
INFO     : Default search done... : 
INFO     : In replicon AAYMVG020000001.1, there are:
INFO     : - 0 complete integron(s) found with a total 0 attC site(s)
INFO     : - 0 CALIN element(s) found with a total of 0 attC site(s)
INFO     : - 0 In0 element(s) found with a total of 0 attC site
INFO     : Starting search with local_max...:
INFO     : Search with local_max done... :
INFO     : In replicon AAYMVG020000001.1, there are:
INFO     : - 0 complete integron(s) found with a total 0 attC site(s)
INFO     : - 0 CALIN element(s) found with a total of 0 attC site(s)
INFO     : - 0 In0 element(s) found with a total of 0 attC site
INFO     : Writing out results for replicon AAYMVG020000001.1
INFO     : ############ Processing replicon AAYMVG020000002.1 (2/66) ############

INFO     : Starting Default search ... :
INFO     : Default search done... : 
INFO     : In replicon AAYMVG020000002.1, there are:
INFO     : - 0 complete integron(s) found with a total 0 attC site(s)
INFO     : - 0 CALIN element(s) found with a total of 0 attC site(s)
INFO     : - 0 In0 element(s) found with a total of 0 attC site
INFO     : Starting search with local_max...:
INFO     : Search with local_max done... :
INFO     : In replicon AAYMVG020000002.1, there are:
INFO     : - 0 complete integron(s) found with a total 0 attC site(s)
INFO     : - 0 CALIN element(s) found with a total of 0 attC site(s)
INFO     : - 0 In0 element(s) found with a total of 0 attC site
INFO     : Writing out results for replicon AAYMVG020000002.1
INFO     : ############ Processing replicon AAYMVG020000003.1 (3/66) ############

INFO     : Starting Default search ... :
INFO     : Default search done... : 
INFO     : In replicon AAYMVG020000003.1, there are:
INFO     : - 0 complete integron(s) found with a total 0 attC site(s)
INFO     : - 0 CALIN element(s) found with a total of 0 attC site(s)
INFO     : - 0 In0 element(s) found with a total of 0 attC site
INFO     : Starting search with local_max...:
INFO     : Search with local_max done... :
INFO     : In replicon AAYMVG020000003.1, there are:
INFO     : - 0 complete integron(s) found with a total 0 attC site(s)
INFO     : - 0 CALIN element(s) found with a total of 0 attC site(s)
INFO     : - 0 In0 element(s) found with a total of 0 attC site
INFO     : Writing out results for replicon AAYMVG020000003.1
INFO     : ############ Processing replicon AAYMVG020000004.1 (4/66) ############

INFO     : Starting Default search ... :
INFO     : Default search done... : 
INFO     : In replicon AAYMVG020000004.1, there are:
INFO     : - 0 complete integron(s) found with a total 0 attC site(s)
INFO     : - 0 CALIN element(s) found with a total of 0 attC site(s)
INFO     : - 0 In0 element(s) found with a total of 0 attC site
INFO     : Starting search with local_max...:
INFO     : Search with local_max done... :
INFO     : In replicon AAYMVG020000004.1, there are:
INFO     : - 0 complete integron(s) found with a total 0 attC site(s)
INFO     : - 0 CALIN element(s) found with a total of 0 attC site(s)
INFO     : - 0 In0 element(s) found with a total of 0 attC site
INFO     : Writing out results for replicon AAYMVG020000004.1
INFO     : ############ Processing replicon AAYMVG020000005.1 (5/66) ############

INFO     : Starting Default search ... :
INFO     : Default search done... : 
INFO     : In replicon AAYMVG020000005.1, there are:
INFO     : - 0 complete integron(s) found with a total 0 attC site(s)
INFO     : - 0 CALIN element(s) found with a total of 0 attC site(s)
INFO     : - 0 In0 element(s) found with a total of 0 attC site
INFO     : Starting search with local_max...:
INFO     : Search with local_max done... :
INFO     : In replicon AAYMVG020000005.1, there are:
INFO     : - 0 complete integron(s) found with a total 0 attC site(s)
INFO     : - 0 CALIN element(s) found with a total of 0 attC site(s)
INFO     : - 0 In0 element(s) found with a total of 0 attC site
INFO     : Writing out results for replicon AAYMVG020000005.1
INFO     : ############ Processing replicon AAYMVG020000006.1 (6/66) ############

INFO     : Starting Default search ... :
INFO     : Default search done... : 
INFO     : In replicon AAYMVG020000006.1, there are:
INFO     : - 0 complete integron(s) found with a total 0 attC site(s)
INFO     : - 1 CALIN element(s) found with a total of 1 attC site(s)
INFO     : - 0 In0 element(s) found with a total of 0 attC site
INFO     : Starting search with local_max...:
INFO     : Search with local_max done... :
INFO     : In replicon AAYMVG020000006.1, there are:
INFO     : - 0 complete integron(s) found with a total 0 attC site(s)
INFO     : - 0 CALIN element(s) found with a total of 0 attC site(s)
INFO     : - 0 In0 element(s) found with a total of 0 attC site
INFO     : Writing out results for replicon AAYMVG020000006.1
INFO     : ############ Processing replicon AAYMVG020000007.1 (7/66) ############

INFO     : Starting Default search ... :
INFO     : Default search done... : 
INFO     : In replicon AAYMVG020000007.1, there are:
INFO     : - 0 complete integron(s) found with a total 0 attC site(s)
INFO     : - 0 CALIN element(s) found with a total of 0 attC site(s)
INFO     : - 0 In0 element(s) found with a total of 0 attC site
INFO     : Starting search with local_max...:
INFO     : Search with local_max done... :
INFO     : In replicon AAYMVG020000007.1, there are:
INFO     : - 0 complete integron(s) found with a total 0 attC site(s)
INFO     : - 0 CALIN element(s) found with a total of 0 attC site(s)
INFO     : - 0 In0 element(s) found with a total of 0 attC site
INFO     : Writing out results for replicon AAYMVG020000007.1
INFO     : ############ Processing replicon AAYMVG020000008.1 (8/66) ############

INFO     : Starting Default search ... :
INFO     : Default search done... : 
INFO     : In replicon AAYMVG020000008.1, there are:
INFO     : - 0 complete integron(s) found with a total 0 attC site(s)
INFO     : - 0 CALIN element(s) found with a total of 0 attC site(s)
INFO     : - 0 In0 element(s) found with a total of 0 attC site
INFO     : Starting search with local_max...:
INFO     : Search with local_max done... :
INFO     : In replicon AAYMVG020000008.1, there are:
INFO     : - 0 complete integron(s) found with a total 0 attC site(s)
INFO     : - 0 CALIN element(s) found with a total of 0 attC site(s)
INFO     : - 0 In0 element(s) found with a total of 0 attC site
INFO     : Writing out results for replicon AAYMVG020000008.1
INFO     : ############ Processing replicon AAYMVG020000009.1 (9/66) ############

INFO     : Starting Default search ... :
INFO     : Default search done... : 
INFO     : In replicon AAYMVG020000009.1, there are:
INFO     : - 0 complete integron(s) found with a total 0 attC site(s)
INFO     : - 0 CALIN element(s) found with a total of 0 attC site(s)
INFO     : - 0 In0 element(s) found with a total of 0 attC site
INFO     : Starting search with local_max...:
INFO     : Search with local_max done... :
INFO     : In replicon AAYMVG020000009.1, there are:
INFO     : - 0 complete integron(s) found with a total 0 attC site(s)
INFO     : - 0 CALIN element(s) found with a total of 0 attC site(s)
INFO     : - 0 In0 element(s) found with a total of 0 attC site
INFO     : Writing out results for replicon AAYMVG020000009.1
INFO     : ############ Processing replicon AAYMVG020000010.1 (10/66) ############

INFO     : Starting Default search ... :
INFO     : Default search done... : 
INFO     : In replicon AAYMVG020000010.1, there are:
INFO     : - 0 complete integron(s) found with a total 0 attC site(s)
INFO     : - 0 CALIN element(s) found with a total of 0 attC site(s)
INFO     : - 0 In0 element(s) found with a total of 0 attC site
INFO     : Starting search with local_max...:
INFO     : Search with local_max done... :
INFO     : In replicon AAYMVG020000010.1, there are:
INFO     : - 0 complete integron(s) found with a total 0 attC site(s)
INFO     : - 0 CALIN element(s) found with a total of 0 attC site(s)
INFO     : - 0 In0 element(s) found with a total of 0 attC site
INFO     : Writing out results for replicon AAYMVG020000010.1
INFO     : ############ Processing replicon AAYMVG020000011.1 (11/66) ############

INFO     : Starting Default search ... :
INFO     : Default search done... : 
INFO     : In replicon AAYMVG020000011.1, there are:
INFO     : - 0 complete integron(s) found with a total 0 attC site(s)
INFO     : - 0 CALIN element(s) found with a total of 0 attC site(s)
INFO     : - 0 In0 element(s) found with a total of 0 attC site
INFO     : Starting search with local_max...:
INFO     : Search with local_max done... :
INFO     : In replicon AAYMVG020000011.1, there are:
INFO     : - 0 complete integron(s) found with a total 0 attC site(s)
INFO     : - 0 CALIN element(s) found with a total of 0 attC site(s)
INFO     : - 0 In0 element(s) found with a total of 0 attC site
INFO     : Writing out results for replicon AAYMVG020000011.1
INFO     : ############ Processing replicon AAYMVG020000012.1 (12/66) ############

INFO     : Starting Default search ... :
INFO     : Default search done... : 
INFO     : In replicon AAYMVG020000012.1, there are:
INFO     : - 0 complete integron(s) found with a total 0 attC site(s)
INFO     : - 0 CALIN element(s) found with a total of 0 attC site(s)
INFO     : - 0 In0 element(s) found with a total of 0 attC site
INFO     : Starting search with local_max...:
INFO     : Search with local_max done... :
INFO     : In replicon AAYMVG020000012.1, there are:
INFO     : - 0 complete integron(s) found with a total 0 attC site(s)
INFO     : - 0 CALIN element(s) found with a total of 0 attC site(s)
INFO     : - 0 In0 element(s) found with a total of 0 attC site
INFO     : Writing out results for replicon AAYMVG020000012.1
INFO     : ############ Processing replicon AAYMVG020000013.1 (13/66) ############

INFO     : Starting Default search ... :
INFO     : Default search done... : 
INFO     : In replicon AAYMVG020000013.1, there are:
INFO     : - 0 complete integron(s) found with a total 0 attC site(s)
INFO     : - 0 CALIN element(s) found with a total of 0 attC site(s)
INFO     : - 0 In0 element(s) found with a total of 0 attC site
INFO     : Starting search with local_max...:
INFO     : Search with local_max done... :
INFO     : In replicon AAYMVG020000013.1, there are:
INFO     : - 0 complete integron(s) found with a total 0 attC site(s)
INFO     : - 0 CALIN element(s) found with a total of 0 attC site(s)
INFO     : - 0 In0 element(s) found with a total of 0 attC site
INFO     : Writing out results for replicon AAYMVG020000013.1
INFO     : ############ Processing replicon AAYMVG020000014.1 (14/66) ############

INFO     : Starting Default search ... :
INFO     : Default search done... : 
INFO     : In replicon AAYMVG020000014.1, there are:
INFO     : - 0 complete integron(s) found with a total 0 attC site(s)
INFO     : - 0 CALIN element(s) found with a total of 0 attC site(s)
INFO     : - 0 In0 element(s) found with a total of 0 attC site
INFO     : Starting search with local_max...:
INFO     : Search with local_max done... :
INFO     : In replicon AAYMVG020000014.1, there are:
INFO     : - 0 complete integron(s) found with a total 0 attC site(s)
INFO     : - 0 CALIN element(s) found with a total of 0 attC site(s)
INFO     : - 0 In0 element(s) found with a total of 0 attC site
INFO     : Writing out results for replicon AAYMVG020000014.1
INFO     : ############ Processing replicon AAYMVG020000015.1 (15/66) ############

INFO     : Starting Default search ... :
INFO     : Default search done... : 
INFO     : In replicon AAYMVG020000015.1, there are:
INFO     : - 0 complete integron(s) found with a total 0 attC site(s)
INFO     : - 0 CALIN element(s) found with a total of 0 attC site(s)
INFO     : - 0 In0 element(s) found with a total of 0 attC site
INFO     : Starting search with local_max...:
INFO     : Search with local_max done... :
INFO     : In replicon AAYMVG020000015.1, there are:
INFO     : - 0 complete integron(s) found with a total 0 attC site(s)
INFO     : - 0 CALIN element(s) found with a total of 0 attC site(s)
INFO     : - 0 In0 element(s) found with a total of 0 attC site
INFO     : Writing out results for replicon AAYMVG020000015.1
INFO     : ############ Processing replicon AAYMVG020000016.1 (16/66) ############

INFO     : Starting Default search ... :
INFO     : Default search done... : 
INFO     : In replicon AAYMVG020000016.1, there are:
INFO     : - 0 complete integron(s) found with a total 0 attC site(s)
INFO     : - 0 CALIN element(s) found with a total of 0 attC site(s)
INFO     : - 0 In0 element(s) found with a total of 0 attC site
INFO     : Starting search with local_max...:
INFO     : Search with local_max done... :
INFO     : In replicon AAYMVG020000016.1, there are:
INFO     : - 0 complete integron(s) found with a total 0 attC site(s)
INFO     : - 0 CALIN element(s) found with a total of 0 attC site(s)
INFO     : - 0 In0 element(s) found with a total of 0 attC site
INFO     : Writing out results for replicon AAYMVG020000016.1
INFO     : ############ Processing replicon AAYMVG020000017.1 (17/66) ############

INFO     : Starting Default search ... :
INFO     : Default search done... : 
INFO     : In replicon AAYMVG020000017.1, there are:
INFO     : - 0 complete integron(s) found with a total 0 attC site(s)
INFO     : - 0 CALIN element(s) found with a total of 0 attC site(s)
INFO     : - 0 In0 element(s) found with a total of 0 attC site
INFO     : Starting search with local_max...:
INFO     : Search with local_max done... :
INFO     : In replicon AAYMVG020000017.1, there are:
INFO     : - 0 complete integron(s) found with a total 0 attC site(s)
INFO     : - 0 CALIN element(s) found with a total of 0 attC site(s)
INFO     : - 0 In0 element(s) found with a total of 0 attC site
INFO     : Writing out results for replicon AAYMVG020000017.1
INFO     : ############ Processing replicon AAYMVG020000018.1 (18/66) ############

INFO     : Starting Default search ... :
INFO     : Default search done... : 
INFO     : In replicon AAYMVG020000018.1, there are:
INFO     : - 0 complete integron(s) found with a total 0 attC site(s)
INFO     : - 0 CALIN element(s) found with a total of 0 attC site(s)
INFO     : - 0 In0 element(s) found with a total of 0 attC site
INFO     : Starting search with local_max...:
INFO     : Search with local_max done... :
INFO     : In replicon AAYMVG020000018.1, there are:
INFO     : - 0 complete integron(s) found with a total 0 attC site(s)
INFO     : - 0 CALIN element(s) found with a total of 0 attC site(s)
INFO     : - 0 In0 element(s) found with a total of 0 attC site
INFO     : Writing out results for replicon AAYMVG020000018.1
INFO     : ############ Processing replicon AAYMVG020000019.1 (19/66) ############

INFO     : Starting Default search ... :
INFO     : Default search done... : 
INFO     : In replicon AAYMVG020000019.1, there are:
INFO     : - 0 complete integron(s) found with a total 0 attC site(s)
INFO     : - 0 CALIN element(s) found with a total of 0 attC site(s)
INFO     : - 0 In0 element(s) found with a total of 0 attC site
INFO     : Starting search with local_max...:
INFO     : Search with local_max done... :
INFO     : In replicon AAYMVG020000019.1, there are:
INFO     : - 0 complete integron(s) found with a total 0 attC site(s)
INFO     : - 0 CALIN element(s) found with a total of 0 attC site(s)
INFO     : - 0 In0 element(s) found with a total of 0 attC site
INFO     : Writing out results for replicon AAYMVG020000019.1
INFO     : ############ Processing replicon AAYMVG020000020.1 (20/66) ############

INFO     : Starting Default search ... :
INFO     : Default search done... : 
INFO     : In replicon AAYMVG020000020.1, there are:
INFO     : - 0 complete integron(s) found with a total 0 attC site(s)
INFO     : - 0 CALIN element(s) found with a total of 0 attC site(s)
INFO     : - 0 In0 element(s) found with a total of 0 attC site
INFO     : Starting search with local_max...:
INFO     : Search with local_max done... :
INFO     : In replicon AAYMVG020000020.1, there are:
INFO     : - 0 complete integron(s) found with a total 0 attC site(s)
INFO     : - 0 CALIN element(s) found with a total of 0 attC site(s)
INFO     : - 0 In0 element(s) found with a total of 0 attC site
INFO     : Writing out results for replicon AAYMVG020000020.1
INFO     : ############ Processing replicon AAYMVG020000021.1 (21/66) ############

INFO     : Starting Default search ... :
INFO     : Default search done... : 
INFO     : In replicon AAYMVG020000021.1, there are:
INFO     : - 0 complete integron(s) found with a total 0 attC site(s)
INFO     : - 0 CALIN element(s) found with a total of 0 attC site(s)
INFO     : - 0 In0 element(s) found with a total of 0 attC site
INFO     : Starting search with local_max...:
INFO     : Search with local_max done... :
INFO     : In replicon AAYMVG020000021.1, there are:
INFO     : - 0 complete integron(s) found with a total 0 attC site(s)
INFO     : - 0 CALIN element(s) found with a total of 0 attC site(s)
INFO     : - 0 In0 element(s) found with a total of 0 attC site
INFO     : Writing out results for replicon AAYMVG020000021.1
INFO     : ############ Processing replicon AAYMVG020000022.1 (22/66) ############

INFO     : Starting Default search ... :
INFO     : Default search done... : 
INFO     : In replicon AAYMVG020000022.1, there are:
INFO     : - 0 complete integron(s) found with a total 0 attC site(s)
INFO     : - 0 CALIN element(s) found with a total of 0 attC site(s)
INFO     : - 0 In0 element(s) found with a total of 0 attC site
INFO     : Starting search with local_max...:
INFO     : Search with local_max done... :
INFO     : In replicon AAYMVG020000022.1, there are:
INFO     : - 0 complete integron(s) found with a total 0 attC site(s)
INFO     : - 0 CALIN element(s) found with a total of 0 attC site(s)
INFO     : - 0 In0 element(s) found with a total of 0 attC site
INFO     : Writing out results for replicon AAYMVG020000022.1
INFO     : ############ Processing replicon AAYMVG020000023.1 (23/66) ############

INFO     : Starting Default search ... :
INFO     : Default search done... : 
INFO     : In replicon AAYMVG020000023.1, there are:
INFO     : - 0 complete integron(s) found with a total 0 attC site(s)
INFO     : - 1 CALIN element(s) found with a total of 1 attC site(s)
INFO     : - 0 In0 element(s) found with a total of 0 attC site
INFO     : Starting search with local_max...:
INFO     : Search with local_max done... :
INFO     : In replicon AAYMVG020000023.1, there are:
INFO     : - 0 complete integron(s) found with a total 0 attC site(s)
INFO     : - 0 CALIN element(s) found with a total of 0 attC site(s)
INFO     : - 0 In0 element(s) found with a total of 0 attC site
INFO     : Writing out results for replicon AAYMVG020000023.1
INFO     : ############ Processing replicon AAYMVG020000024.1 (24/66) ############

INFO     : Starting Default search ... :
INFO     : Default search done... : 
INFO     : In replicon AAYMVG020000024.1, there are:
INFO     : - 0 complete integron(s) found with a total 0 attC site(s)
INFO     : - 0 CALIN element(s) found with a total of 0 attC site(s)
INFO     : - 0 In0 element(s) found with a total of 0 attC site
INFO     : Starting search with local_max...:
INFO     : Search with local_max done... :
INFO     : In replicon AAYMVG020000024.1, there are:
INFO     : - 0 complete integron(s) found with a total 0 attC site(s)
INFO     : - 0 CALIN element(s) found with a total of 0 attC site(s)
INFO     : - 0 In0 element(s) found with a total of 0 attC site
INFO     : Writing out results for replicon AAYMVG020000024.1
INFO     : ############ Processing replicon AAYMVG020000025.1 (25/66) ############

INFO     : Starting Default search ... :
INFO     : Default search done... : 
INFO     : In replicon AAYMVG020000025.1, there are:
INFO     : - 0 complete integron(s) found with a total 0 attC site(s)
INFO     : - 0 CALIN element(s) found with a total of 0 attC site(s)
INFO     : - 0 In0 element(s) found with a total of 0 attC site
INFO     : Starting search with local_max...:
INFO     : Search with local_max done... :
INFO     : In replicon AAYMVG020000025.1, there are:
INFO     : - 0 complete integron(s) found with a total 0 attC site(s)
INFO     : - 0 CALIN element(s) found with a total of 0 attC site(s)
INFO     : - 0 In0 element(s) found with a total of 0 attC site
INFO     : Writing out results for replicon AAYMVG020000025.1
INFO     : ############ Processing replicon AAYMVG020000026.1 (26/66) ############

INFO     : Starting Default search ... :
INFO     : Default search done... : 
INFO     : In replicon AAYMVG020000026.1, there are:
INFO     : - 0 complete integron(s) found with a total 0 attC site(s)
INFO     : - 0 CALIN element(s) found with a total of 0 attC site(s)
INFO     : - 0 In0 element(s) found with a total of 0 attC site
INFO     : Starting search with local_max...:
INFO     : Search with local_max done... :
INFO     : In replicon AAYMVG020000026.1, there are:
INFO     : - 0 complete integron(s) found with a total 0 attC site(s)
INFO     : - 0 CALIN element(s) found with a total of 0 attC site(s)
INFO     : - 0 In0 element(s) found with a total of 0 attC site
INFO     : Writing out results for replicon AAYMVG020000026.1
INFO     : ############ Processing replicon AAYMVG020000027.1 (27/66) ############

INFO     : Starting Default search ... :
INFO     : Default search done... : 
INFO     : In replicon AAYMVG020000027.1, there are:
INFO     : - 0 complete integron(s) found with a total 0 attC site(s)
INFO     : - 0 CALIN element(s) found with a total of 0 attC site(s)
INFO     : - 0 In0 element(s) found with a total of 0 attC site
INFO     : Starting search with local_max...:
INFO     : Search with local_max done... :
INFO     : In replicon AAYMVG020000027.1, there are:
INFO     : - 0 complete integron(s) found with a total 0 attC site(s)
INFO     : - 0 CALIN element(s) found with a total of 0 attC site(s)
INFO     : - 0 In0 element(s) found with a total of 0 attC site
INFO     : Writing out results for replicon AAYMVG020000027.1
INFO     : ############ Processing replicon AAYMVG020000028.1 (28/66) ############

INFO     : Starting Default search ... :
INFO     : Default search done... : 
INFO     : In replicon AAYMVG020000028.1, there are:
INFO     : - 0 complete integron(s) found with a total 0 attC site(s)
INFO     : - 0 CALIN element(s) found with a total of 0 attC site(s)
INFO     : - 0 In0 element(s) found with a total of 0 attC site
INFO     : Starting search with local_max...:
INFO     : Search with local_max done... :
INFO     : In replicon AAYMVG020000028.1, there are:
INFO     : - 0 complete integron(s) found with a total 0 attC site(s)
INFO     : - 0 CALIN element(s) found with a total of 0 attC site(s)
INFO     : - 0 In0 element(s) found with a total of 0 attC site
INFO     : Writing out results for replicon AAYMVG020000028.1
INFO     : ############ Processing replicon AAYMVG020000029.1 (29/66) ############

INFO     : Starting Default search ... :
INFO     : Default search done... : 
INFO     : In replicon AAYMVG020000029.1, there are:
INFO     : - 0 complete integron(s) found with a total 0 attC site(s)
INFO     : - 0 CALIN element(s) found with a total of 0 attC site(s)
INFO     : - 0 In0 element(s) found with a total of 0 attC site
INFO     : Starting search with local_max...:
INFO     : Search with local_max done... :
INFO     : In replicon AAYMVG020000029.1, there are:
INFO     : - 0 complete integron(s) found with a total 0 attC site(s)
INFO     : - 0 CALIN element(s) found with a total of 0 attC site(s)
INFO     : - 0 In0 element(s) found with a total of 0 attC site
INFO     : Writing out results for replicon AAYMVG020000029.1
INFO     : ############ Processing replicon AAYMVG020000030.1 (30/66) ############

INFO     : Starting Default search ... :
INFO     : Default search done... : 
INFO     : In replicon AAYMVG020000030.1, there are:
INFO     : - 0 complete integron(s) found with a total 0 attC site(s)
INFO     : - 0 CALIN element(s) found with a total of 0 attC site(s)
INFO     : - 0 In0 element(s) found with a total of 0 attC site
INFO     : Starting search with local_max...:
INFO     : Search with local_max done... :
INFO     : In replicon AAYMVG020000030.1, there are:
INFO     : - 0 complete integron(s) found with a total 0 attC site(s)
INFO     : - 0 CALIN element(s) found with a total of 0 attC site(s)
INFO     : - 0 In0 element(s) found with a total of 0 attC site
INFO     : Writing out results for replicon AAYMVG020000030.1
INFO     : ############ Processing replicon AAYMVG020000031.1 (31/66) ############

INFO     : Starting Default search ... :
INFO     : Default search done... : 
INFO     : In replicon AAYMVG020000031.1, there are:
INFO     : - 0 complete integron(s) found with a total 0 attC site(s)
INFO     : - 0 CALIN element(s) found with a total of 0 attC site(s)
INFO     : - 0 In0 element(s) found with a total of 0 attC site
INFO     : Starting search with local_max...:
INFO     : Search with local_max done... :
INFO     : In replicon AAYMVG020000031.1, there are:
INFO     : - 0 complete integron(s) found with a total 0 attC site(s)
INFO     : - 0 CALIN element(s) found with a total of 0 attC site(s)
INFO     : - 0 In0 element(s) found with a total of 0 attC site
INFO     : Writing out results for replicon AAYMVG020000031.1
INFO     : ############ Processing replicon AAYMVG020000032.1 (32/66) ############

INFO     : Starting Default search ... :
INFO     : Default search done... : 
INFO     : In replicon AAYMVG020000032.1, there are:
INFO     : - 0 complete integron(s) found with a total 0 attC site(s)
INFO     : - 0 CALIN element(s) found with a total of 0 attC site(s)
INFO     : - 0 In0 element(s) found with a total of 0 attC site
INFO     : Starting search with local_max...:
INFO     : Search with local_max done... :
INFO     : In replicon AAYMVG020000032.1, there are:
INFO     : - 0 complete integron(s) found with a total 0 attC site(s)
INFO     : - 0 CALIN element(s) found with a total of 0 attC site(s)
INFO     : - 0 In0 element(s) found with a total of 0 attC site
INFO     : Writing out results for replicon AAYMVG020000032.1
INFO     : ############ Processing replicon AAYMVG020000033.1 (33/66) ############

INFO     : Starting Default search ... :
INFO     : Default search done... : 
INFO     : In replicon AAYMVG020000033.1, there are:
INFO     : - 0 complete integron(s) found with a total 0 attC site(s)
INFO     : - 0 CALIN element(s) found with a total of 0 attC site(s)
INFO     : - 0 In0 element(s) found with a total of 0 attC site
INFO     : Starting search with local_max...:
INFO     : Search with local_max done... :
INFO     : In replicon AAYMVG020000033.1, there are:
INFO     : - 0 complete integron(s) found with a total 0 attC site(s)
INFO     : - 0 CALIN element(s) found with a total of 0 attC site(s)
INFO     : - 0 In0 element(s) found with a total of 0 attC site
INFO     : Writing out results for replicon AAYMVG020000033.1
INFO     : ############ Processing replicon AAYMVG020000034.1 (34/66) ############

INFO     : Starting Default search ... :
INFO     : Default search done... : 
INFO     : In replicon AAYMVG020000034.1, there are:
INFO     : - 0 complete integron(s) found with a total 0 attC site(s)
INFO     : - 0 CALIN element(s) found with a total of 0 attC site(s)
INFO     : - 0 In0 element(s) found with a total of 0 attC site
INFO     : Starting search with local_max...:
INFO     : Search with local_max done... :
INFO     : In replicon AAYMVG020000034.1, there are:
INFO     : - 0 complete integron(s) found with a total 0 attC site(s)
INFO     : - 0 CALIN element(s) found with a total of 0 attC site(s)
INFO     : - 0 In0 element(s) found with a total of 0 attC site
INFO     : Writing out results for replicon AAYMVG020000034.1
INFO     : ############ Processing replicon AAYMVG020000035.1 (35/66) ############

INFO     : Starting Default search ... :
INFO     : Default search done... : 
INFO     : In replicon AAYMVG020000035.1, there are:
INFO     : - 0 complete integron(s) found with a total 0 attC site(s)
INFO     : - 0 CALIN element(s) found with a total of 0 attC site(s)
INFO     : - 0 In0 element(s) found with a total of 0 attC site
INFO     : Starting search with local_max...:
INFO     : Search with local_max done... :
INFO     : In replicon AAYMVG020000035.1, there are:
INFO     : - 0 complete integron(s) found with a total 0 attC site(s)
INFO     : - 0 CALIN element(s) found with a total of 0 attC site(s)
INFO     : - 0 In0 element(s) found with a total of 0 attC site
INFO     : Writing out results for replicon AAYMVG020000035.1
INFO     : ############ Processing replicon AAYMVG020000036.1 (36/66) ############

INFO     : Starting Default search ... :
INFO     : Default search done... : 
INFO     : In replicon AAYMVG020000036.1, there are:
INFO     : - 0 complete integron(s) found with a total 0 attC site(s)
INFO     : - 0 CALIN element(s) found with a total of 0 attC site(s)
INFO     : - 0 In0 element(s) found with a total of 0 attC site
INFO     : Starting search with local_max...:
INFO     : Search with local_max done... :
INFO     : In replicon AAYMVG020000036.1, there are:
INFO     : - 0 complete integron(s) found with a total 0 attC site(s)
INFO     : - 0 CALIN element(s) found with a total of 0 attC site(s)
INFO     : - 0 In0 element(s) found with a total of 0 attC site
INFO     : Writing out results for replicon AAYMVG020000036.1
INFO     : ############ Processing replicon AAYMVG020000037.1 (37/66) ############

INFO     : Starting Default search ... :
INFO     : Default search done... : 
INFO     : In replicon AAYMVG020000037.1, there are:
INFO     : - 0 complete integron(s) found with a total 0 attC site(s)
INFO     : - 0 CALIN element(s) found with a total of 0 attC site(s)
INFO     : - 0 In0 element(s) found with a total of 0 attC site
INFO     : Starting search with local_max...:
INFO     : Search with local_max done... :
INFO     : In replicon AAYMVG020000037.1, there are:
INFO     : - 0 complete integron(s) found with a total 0 attC site(s)
INFO     : - 0 CALIN element(s) found with a total of 0 attC site(s)
INFO     : - 0 In0 element(s) found with a total of 0 attC site
INFO     : Writing out results for replicon AAYMVG020000037.1
INFO     : ############ Processing replicon AAYMVG020000038.1 (38/66) ############

INFO     : Starting Default search ... :
INFO     : Default search done... : 
INFO     : In replicon AAYMVG020000038.1, there are:
INFO     : - 0 complete integron(s) found with a total 0 attC site(s)
INFO     : - 0 CALIN element(s) found with a total of 0 attC site(s)
INFO     : - 0 In0 element(s) found with a total of 0 attC site
INFO     : Starting search with local_max...:
INFO     : Search with local_max done... :
INFO     : In replicon AAYMVG020000038.1, there are:
INFO     : - 0 complete integron(s) found with a total 0 attC site(s)
INFO     : - 0 CALIN element(s) found with a total of 0 attC site(s)
INFO     : - 0 In0 element(s) found with a total of 0 attC site
INFO     : Writing out results for replicon AAYMVG020000038.1
INFO     : ############ Processing replicon AAYMVG020000039.1 (39/66) ############

INFO     : Starting Default search ... :
INFO     : Default search done... : 
INFO     : In replicon AAYMVG020000039.1, there are:
INFO     : - 0 complete integron(s) found with a total 0 attC site(s)
INFO     : - 0 CALIN element(s) found with a total of 0 attC site(s)
INFO     : - 0 In0 element(s) found with a total of 0 attC site
INFO     : Starting search with local_max...:
INFO     : Search with local_max done... :
INFO     : In replicon AAYMVG020000039.1, there are:
INFO     : - 0 complete integron(s) found with a total 0 attC site(s)
INFO     : - 0 CALIN element(s) found with a total of 0 attC site(s)
INFO     : - 0 In0 element(s) found with a total of 0 attC site
INFO     : Writing out results for replicon AAYMVG020000039.1
INFO     : ############ Processing replicon AAYMVG020000040.1 (40/66) ############

INFO     : Starting Default search ... :
INFO     : Default search done... : 
INFO     : In replicon AAYMVG020000040.1, there are:
INFO     : - 0 complete integron(s) found with a total 0 attC site(s)
INFO     : - 0 CALIN element(s) found with a total of 0 attC site(s)
INFO     : - 0 In0 element(s) found with a total of 0 attC site
INFO     : Starting search with local_max...:
INFO     : Search with local_max done... :
INFO     : In replicon AAYMVG020000040.1, there are:
INFO     : - 0 complete integron(s) found with a total 0 attC site(s)
INFO     : - 0 CALIN element(s) found with a total of 0 attC site(s)
INFO     : - 0 In0 element(s) found with a total of 0 attC site
INFO     : Writing out results for replicon AAYMVG020000040.1
INFO     : ############ Processing replicon AAYMVG020000041.1 (41/66) ############

INFO     : Starting Default search ... :
INFO     : Default search done... : 
INFO     : In replicon AAYMVG020000041.1, there are:
INFO     : - 0 complete integron(s) found with a total 0 attC site(s)
INFO     : - 0 CALIN element(s) found with a total of 0 attC site(s)
INFO     : - 0 In0 element(s) found with a total of 0 attC site
INFO     : Starting search with local_max...:
INFO     : Search with local_max done... :
INFO     : In replicon AAYMVG020000041.1, there are:
INFO     : - 0 complete integron(s) found with a total 0 attC site(s)
INFO     : - 0 CALIN element(s) found with a total of 0 attC site(s)
INFO     : - 0 In0 element(s) found with a total of 0 attC site
INFO     : Writing out results for replicon AAYMVG020000041.1
INFO     : ############ Processing replicon AAYMVG020000042.1 (42/66) ############

INFO     : Starting Default search ... :
INFO     : Default search done... : 
INFO     : In replicon AAYMVG020000042.1, there are:
INFO     : - 0 complete integron(s) found with a total 0 attC site(s)
INFO     : - 0 CALIN element(s) found with a total of 0 attC site(s)
INFO     : - 0 In0 element(s) found with a total of 0 attC site
INFO     : Starting search with local_max...:
INFO     : Search with local_max done... :
INFO     : In replicon AAYMVG020000042.1, there are:
INFO     : - 0 complete integron(s) found with a total 0 attC site(s)
INFO     : - 0 CALIN element(s) found with a total of 0 attC site(s)
INFO     : - 0 In0 element(s) found with a total of 0 attC site
INFO     : Writing out results for replicon AAYMVG020000042.1
INFO     : ############ Processing replicon AAYMVG020000043.1 (43/66) ############

INFO     : Starting Default search ... :
INFO     : Default search done... : 
INFO     : In replicon AAYMVG020000043.1, there are:
INFO     : - 0 complete integron(s) found with a total 0 attC site(s)
INFO     : - 0 CALIN element(s) found with a total of 0 attC site(s)
INFO     : - 0 In0 element(s) found with a total of 0 attC site
INFO     : Starting search with local_max...:
INFO     : Search with local_max done... :
INFO     : In replicon AAYMVG020000043.1, there are:
INFO     : - 0 complete integron(s) found with a total 0 attC site(s)
INFO     : - 0 CALIN element(s) found with a total of 0 attC site(s)
INFO     : - 0 In0 element(s) found with a total of 0 attC site
INFO     : Writing out results for replicon AAYMVG020000043.1
INFO     : ############ Processing replicon AAYMVG020000044.1 (44/66) ############

INFO     : Starting Default search ... :
INFO     : Default search done... : 
INFO     : In replicon AAYMVG020000044.1, there are:
INFO     : - 0 complete integron(s) found with a total 0 attC site(s)
INFO     : - 0 CALIN element(s) found with a total of 0 attC site(s)
INFO     : - 0 In0 element(s) found with a total of 0 attC site
INFO     : Starting search with local_max...:
INFO     : Search with local_max done... :
INFO     : In replicon AAYMVG020000044.1, there are:
INFO     : - 0 complete integron(s) found with a total 0 attC site(s)
INFO     : - 0 CALIN element(s) found with a total of 0 attC site(s)
INFO     : - 0 In0 element(s) found with a total of 0 attC site
INFO     : Writing out results for replicon AAYMVG020000044.1
INFO     : ############ Processing replicon AAYMVG020000045.1 (45/66) ############

INFO     : Starting Default search ... :
INFO     : Default search done... : 
INFO     : In replicon AAYMVG020000045.1, there are:
INFO     : - 0 complete integron(s) found with a total 0 attC site(s)
INFO     : - 0 CALIN element(s) found with a total of 0 attC site(s)
INFO     : - 0 In0 element(s) found with a total of 0 attC site
INFO     : Starting search with local_max...:
INFO     : Search with local_max done... :
INFO     : In replicon AAYMVG020000045.1, there are:
INFO     : - 0 complete integron(s) found with a total 0 attC site(s)
INFO     : - 0 CALIN element(s) found with a total of 0 attC site(s)
INFO     : - 0 In0 element(s) found with a total of 0 attC site
INFO     : Writing out results for replicon AAYMVG020000045.1
INFO     : ############ Processing replicon AAYMVG020000046.1 (46/66) ############

INFO     : Starting Default search ... :
INFO     : Default search done... : 
INFO     : In replicon AAYMVG020000046.1, there are:
INFO     : - 0 complete integron(s) found with a total 0 attC site(s)
INFO     : - 0 CALIN element(s) found with a total of 0 attC site(s)
INFO     : - 0 In0 element(s) found with a total of 0 attC site
INFO     : Starting search with local_max...:
INFO     : Search with local_max done... :
INFO     : In replicon AAYMVG020000046.1, there are:
INFO     : - 0 complete integron(s) found with a total 0 attC site(s)
INFO     : - 0 CALIN element(s) found with a total of 0 attC site(s)
INFO     : - 0 In0 element(s) found with a total of 0 attC site
INFO     : Writing out results for replicon AAYMVG020000046.1
INFO     : ############ Processing replicon AAYMVG020000047.1 (47/66) ############

INFO     : Starting Default search ... :
INFO     : Default search done... : 
INFO     : In replicon AAYMVG020000047.1, there are:
INFO     : - 0 complete integron(s) found with a total 0 attC site(s)
INFO     : - 0 CALIN element(s) found with a total of 0 attC site(s)
INFO     : - 0 In0 element(s) found with a total of 0 attC site
INFO     : Starting search with local_max...:
INFO     : Search with local_max done... :
INFO     : In replicon AAYMVG020000047.1, there are:
INFO     : - 0 complete integron(s) found with a total 0 attC site(s)
INFO     : - 0 CALIN element(s) found with a total of 0 attC site(s)
INFO     : - 0 In0 element(s) found with a total of 0 attC site
INFO     : Writing out results for replicon AAYMVG020000047.1
INFO     : ############ Processing replicon AAYMVG020000048.1 (48/66) ############

INFO     : Starting Default search ... :
INFO     : Default search done... : 
INFO     : In replicon AAYMVG020000048.1, there are:
INFO     : - 0 complete integron(s) found with a total 0 attC site(s)
INFO     : - 0 CALIN element(s) found with a total of 0 attC site(s)
INFO     : - 0 In0 element(s) found with a total of 0 attC site
INFO     : Starting search with local_max...:
INFO     : Search with local_max done... :
INFO     : In replicon AAYMVG020000048.1, there are:
INFO     : - 0 complete integron(s) found with a total 0 attC site(s)
INFO     : - 0 CALIN element(s) found with a total of 0 attC site(s)
INFO     : - 0 In0 element(s) found with a total of 0 attC site
INFO     : Writing out results for replicon AAYMVG020000048.1
INFO     : ############ Processing replicon AAYMVG020000049.1 (49/66) ############

INFO     : Starting Default search ... :
INFO     : Default search done... : 
INFO     : In replicon AAYMVG020000049.1, there are:
INFO     : - 0 complete integron(s) found with a total 0 attC site(s)
INFO     : - 0 CALIN element(s) found with a total of 0 attC site(s)
INFO     : - 0 In0 element(s) found with a total of 0 attC site
INFO     : Starting search with local_max...:
INFO     : Search with local_max done... :
INFO     : In replicon AAYMVG020000049.1, there are:
INFO     : - 0 complete integron(s) found with a total 0 attC site(s)
INFO     : - 0 CALIN element(s) found with a total of 0 attC site(s)
INFO     : - 0 In0 element(s) found with a total of 0 attC site
INFO     : Writing out results for replicon AAYMVG020000049.1
INFO     : ############ Processing replicon AAYMVG020000050.1 (50/66) ############

INFO     : Starting Default search ... :
INFO     : Default search done... : 
INFO     : In replicon AAYMVG020000050.1, there are:
INFO     : - 0 complete integron(s) found with a total 0 attC site(s)
INFO     : - 0 CALIN element(s) found with a total of 0 attC site(s)
INFO     : - 0 In0 element(s) found with a total of 0 attC site
INFO     : Starting search with local_max...:
INFO     : Search with local_max done... :
INFO     : In replicon AAYMVG020000050.1, there are:
INFO     : - 0 complete integron(s) found with a total 0 attC site(s)
INFO     : - 0 CALIN element(s) found with a total of 0 attC site(s)
INFO     : - 0 In0 element(s) found with a total of 0 attC site
INFO     : Writing out results for replicon AAYMVG020000050.1
INFO     : ############ Processing replicon AAYMVG020000051.1 (51/66) ############

INFO     : Starting Default search ... :
INFO     : Default search done... : 
INFO     : In replicon AAYMVG020000051.1, there are:
INFO     : - 0 complete integron(s) found with a total 0 attC site(s)
INFO     : - 0 CALIN element(s) found with a total of 0 attC site(s)
INFO     : - 0 In0 element(s) found with a total of 0 attC site
INFO     : Starting search with local_max...:
INFO     : Search with local_max done... :
INFO     : In replicon AAYMVG020000051.1, there are:
INFO     : - 0 complete integron(s) found with a total 0 attC site(s)
INFO     : - 0 CALIN element(s) found with a total of 0 attC site(s)
INFO     : - 0 In0 element(s) found with a total of 0 attC site
INFO     : Writing out results for replicon AAYMVG020000051.1
INFO     : ############ Processing replicon AAYMVG020000052.1 (52/66) ############

INFO     : Starting Default search ... :
INFO     : Default search done... : 
INFO     : In replicon AAYMVG020000052.1, there are:
INFO     : - 0 complete integron(s) found with a total 0 attC site(s)
INFO     : - 0 CALIN element(s) found with a total of 0 attC site(s)
INFO     : - 0 In0 element(s) found with a total of 0 attC site
INFO     : Starting search with local_max...:
INFO     : Search with local_max done... :
INFO     : In replicon AAYMVG020000052.1, there are:
INFO     : - 0 complete integron(s) found with a total 0 attC site(s)
INFO     : - 0 CALIN element(s) found with a total of 0 attC site(s)
INFO     : - 0 In0 element(s) found with a total of 0 attC site
INFO     : Writing out results for replicon AAYMVG020000052.1
INFO     : ############ Processing replicon AAYMVG020000053.1 (53/66) ############

INFO     : Starting Default search ... :
INFO     : Default search done... : 
INFO     : In replicon AAYMVG020000053.1, there are:
INFO     : - 0 complete integron(s) found with a total 0 attC site(s)
INFO     : - 0 CALIN element(s) found with a total of 0 attC site(s)
INFO     : - 0 In0 element(s) found with a total of 0 attC site
INFO     : Starting search with local_max...:
INFO     : Search with local_max done... :
INFO     : In replicon AAYMVG020000053.1, there are:
INFO     : - 0 complete integron(s) found with a total 0 attC site(s)
INFO     : - 0 CALIN element(s) found with a total of 0 attC site(s)
INFO     : - 0 In0 element(s) found with a total of 0 attC site
INFO     : Writing out results for replicon AAYMVG020000053.1
INFO     : ############ Processing replicon AAYMVG020000054.1 (54/66) ############

INFO     : Starting Default search ... :
INFO     : Default search done... : 
INFO     : In replicon AAYMVG020000054.1, there are:
INFO     : - 0 complete integron(s) found with a total 0 attC site(s)
INFO     : - 0 CALIN element(s) found with a total of 0 attC site(s)
INFO     : - 0 In0 element(s) found with a total of 0 attC site
INFO     : Starting search with local_max...:
INFO     : Search with local_max done... :
INFO     : In replicon AAYMVG020000054.1, there are:
INFO     : - 0 complete integron(s) found with a total 0 attC site(s)
INFO     : - 0 CALIN element(s) found with a total of 0 attC site(s)
INFO     : - 0 In0 element(s) found with a total of 0 attC site
INFO     : Writing out results for replicon AAYMVG020000054.1
INFO     : ############ Processing replicon AAYMVG020000055.1 (55/66) ############

INFO     : Starting Default search ... :
INFO     : Default search done... : 
INFO     : In replicon AAYMVG020000055.1, there are:
INFO     : - 0 complete integron(s) found with a total 0 attC site(s)
INFO     : - 0 CALIN element(s) found with a total of 0 attC site(s)
INFO     : - 0 In0 element(s) found with a total of 0 attC site
INFO     : Starting search with local_max...:
INFO     : Search with local_max done... :
INFO     : In replicon AAYMVG020000055.1, there are:
INFO     : - 0 complete integron(s) found with a total 0 attC site(s)
INFO     : - 0 CALIN element(s) found with a total of 0 attC site(s)
INFO     : - 0 In0 element(s) found with a total of 0 attC site
INFO     : Writing out results for replicon AAYMVG020000055.1
INFO     : ############ Processing replicon AAYMVG020000056.1 (56/66) ############

INFO     : Starting Default search ... :
INFO     : Default search done... : 
INFO     : In replicon AAYMVG020000056.1, there are:
INFO     : - 0 complete integron(s) found with a total 0 attC site(s)
INFO     : - 0 CALIN element(s) found with a total of 0 attC site(s)
INFO     : - 0 In0 element(s) found with a total of 0 attC site
INFO     : Starting search with local_max...:
INFO     : Search with local_max done... :
INFO     : In replicon AAYMVG020000056.1, there are:
INFO     : - 0 complete integron(s) found with a total 0 attC site(s)
INFO     : - 0 CALIN element(s) found with a total of 0 attC site(s)
INFO     : - 0 In0 element(s) found with a total of 0 attC site
INFO     : Writing out results for replicon AAYMVG020000056.1
INFO     : ############ Processing replicon AAYMVG020000057.1 (57/66) ############

INFO     : Starting Default search ... :
INFO     : Default search done... : 
INFO     : In replicon AAYMVG020000057.1, there are:
INFO     : - 0 complete integron(s) found with a total 0 attC site(s)
INFO     : - 0 CALIN element(s) found with a total of 0 attC site(s)
INFO     : - 0 In0 element(s) found with a total of 0 attC site
INFO     : Starting search with local_max...:
INFO     : Search with local_max done... :
INFO     : In replicon AAYMVG020000057.1, there are:
INFO     : - 0 complete integron(s) found with a total 0 attC site(s)
INFO     : - 0 CALIN element(s) found with a total of 0 attC site(s)
INFO     : - 0 In0 element(s) found with a total of 0 attC site
INFO     : Writing out results for replicon AAYMVG020000057.1
INFO     : ############ Processing replicon AAYMVG020000058.1 (58/66) ############

INFO     : Starting Default search ... :
INFO     : Default search done... : 
INFO     : In replicon AAYMVG020000058.1, there are:
INFO     : - 0 complete integron(s) found with a total 0 attC site(s)
INFO     : - 0 CALIN element(s) found with a total of 0 attC site(s)
INFO     : - 0 In0 element(s) found with a total of 0 attC site
INFO     : Starting search with local_max...:
INFO     : Search with local_max done... :
INFO     : In replicon AAYMVG020000058.1, there are:
INFO     : - 0 complete integron(s) found with a total 0 attC site(s)
INFO     : - 0 CALIN element(s) found with a total of 0 attC site(s)
INFO     : - 0 In0 element(s) found with a total of 0 attC site
INFO     : Writing out results for replicon AAYMVG020000058.1
INFO     : ############ Processing replicon AAYMVG020000059.1 (59/66) ############

INFO     : Starting Default search ... :
INFO     : Default search done... : 
INFO     : In replicon AAYMVG020000059.1, there are:
INFO     : - 0 complete integron(s) found with a total 0 attC site(s)
INFO     : - 0 CALIN element(s) found with a total of 0 attC site(s)
INFO     : - 0 In0 element(s) found with a total of 0 attC site
INFO     : Starting search with local_max...:
INFO     : Search with local_max done... :
INFO     : In replicon AAYMVG020000059.1, there are:
INFO     : - 0 complete integron(s) found with a total 0 attC site(s)
INFO     : - 0 CALIN element(s) found with a total of 0 attC site(s)
INFO     : - 0 In0 element(s) found with a total of 0 attC site
INFO     : Writing out results for replicon AAYMVG020000059.1
INFO     : ############ Processing replicon AAYMVG020000060.1 (60/66) ############

INFO     : Starting Default search ... :
INFO     : Default search done... : 
INFO     : In replicon AAYMVG020000060.1, there are:
INFO     : - 0 complete integron(s) found with a total 0 attC site(s)
INFO     : - 0 CALIN element(s) found with a total of 0 attC site(s)
INFO     : - 0 In0 element(s) found with a total of 0 attC site
INFO     : Starting search with local_max...:
INFO     : Search with local_max done... :
INFO     : In replicon AAYMVG020000060.1, there are:
INFO     : - 0 complete integron(s) found with a total 0 attC site(s)
INFO     : - 0 CALIN element(s) found with a total of 0 attC site(s)
INFO     : - 0 In0 element(s) found with a total of 0 attC site
INFO     : Writing out results for replicon AAYMVG020000060.1
INFO     : ############ Processing replicon AAYMVG020000061.1 (61/66) ############

INFO     : Starting Default search ... :
INFO     : Default search done... : 
INFO     : In replicon AAYMVG020000061.1, there are:
INFO     : - 0 complete integron(s) found with a total 0 attC site(s)
INFO     : - 0 CALIN element(s) found with a total of 0 attC site(s)
INFO     : - 0 In0 element(s) found with a total of 0 attC site
INFO     : Starting search with local_max...:
INFO     : Search with local_max done... :
INFO     : In replicon AAYMVG020000061.1, there are:
INFO     : - 0 complete integron(s) found with a total 0 attC site(s)
INFO     : - 0 CALIN element(s) found with a total of 0 attC site(s)
INFO     : - 0 In0 element(s) found with a total of 0 attC site
INFO     : Writing out results for replicon AAYMVG020000061.1
INFO     : ############ Processing replicon AAYMVG020000062.1 (62/66) ############

INFO     : Starting Default search ... :
INFO     : Default search done... : 
INFO     : In replicon AAYMVG020000062.1, there are:
INFO     : - 0 complete integron(s) found with a total 0 attC site(s)
INFO     : - 0 CALIN element(s) found with a total of 0 attC site(s)
INFO     : - 0 In0 element(s) found with a total of 0 attC site
INFO     : Starting search with local_max...:
INFO     : Search with local_max done... :
INFO     : In replicon AAYMVG020000062.1, there are:
INFO     : - 0 complete integron(s) found with a total 0 attC site(s)
INFO     : - 0 CALIN element(s) found with a total of 0 attC site(s)
INFO     : - 0 In0 element(s) found with a total of 0 attC site
INFO     : Writing out results for replicon AAYMVG020000062.1
INFO     : ############ Processing replicon AAYMVG020000063.1 (63/66) ############

INFO     : Starting Default search ... :
INFO     : Default search done... : 
INFO     : In replicon AAYMVG020000063.1, there are:
INFO     : - 0 complete integron(s) found with a total 0 attC site(s)
INFO     : - 0 CALIN element(s) found with a total of 0 attC site(s)
INFO     : - 0 In0 element(s) found with a total of 0 attC site
INFO     : Starting search with local_max...:
INFO     : Search with local_max done... :
INFO     : In replicon AAYMVG020000063.1, there are:
INFO     : - 0 complete integron(s) found with a total 0 attC site(s)
INFO     : - 0 CALIN element(s) found with a total of 0 attC site(s)
INFO     : - 0 In0 element(s) found with a total of 0 attC site
INFO     : Writing out results for replicon AAYMVG020000063.1
INFO     : ############ Processing replicon AAYMVG020000064.1 (64/66) ############

INFO     : Starting Default search ... :
INFO     : Default search done... : 
INFO     : In replicon AAYMVG020000064.1, there are:
INFO     : - 0 complete integron(s) found with a total 0 attC site(s)
INFO     : - 0 CALIN element(s) found with a total of 0 attC site(s)
INFO     : - 0 In0 element(s) found with a total of 0 attC site
INFO     : Starting search with local_max...:
INFO     : Search with local_max done... :
INFO     : In replicon AAYMVG020000064.1, there are:
INFO     : - 0 complete integron(s) found with a total 0 attC site(s)
INFO     : - 0 CALIN element(s) found with a total of 0 attC site(s)
INFO     : - 0 In0 element(s) found with a total of 0 attC site
INFO     : Writing out results for replicon AAYMVG020000064.1
INFO     : ############ Processing replicon AAYMVG020000065.1 (65/66) ############

INFO     : Starting Default search ... :
INFO     : Default search done... : 
INFO     : In replicon AAYMVG020000065.1, there are:
INFO     : - 0 complete integron(s) found with a total 0 attC site(s)
INFO     : - 0 CALIN element(s) found with a total of 0 attC site(s)
INFO     : - 0 In0 element(s) found with a total of 0 attC site
INFO     : Starting search with local_max...:
INFO     : Search with local_max done... :
INFO     : In replicon AAYMVG020000065.1, there are:
INFO     : - 0 complete integron(s) found with a total 0 attC site(s)
INFO     : - 0 CALIN element(s) found with a total of 0 attC site(s)
INFO     : - 0 In0 element(s) found with a total of 0 attC site
INFO     : Writing out results for replicon AAYMVG020000065.1
INFO     : ############ Processing replicon AAYMVG020000066.1 (66/66) ############

INFO     : Starting Default search ... :
INFO     : Default search done... : 
INFO     : In replicon AAYMVG020000066.1, there are:
INFO     : - 0 complete integron(s) found with a total 0 attC site(s)
INFO     : - 0 CALIN element(s) found with a total of 0 attC site(s)
INFO     : - 0 In0 element(s) found with a total of 0 attC site
INFO     : Starting search with local_max...:
INFO     : Search with local_max done... :
INFO     : In replicon AAYMVG020000066.1, there are:
INFO     : - 0 complete integron(s) found with a total 0 attC site(s)
INFO     : - 0 CALIN element(s) found with a total of 0 attC site(s)
INFO     : - 0 In0 element(s) found with a total of 0 attC site
INFO     : Writing out results for replicon AAYMVG020000066.1
INFO     : Merging integrons results.

