
**************************************************************************
 ___       _                               _____ _           _
|_ _|_ __ | |_ ___  __ _ _ __ ___  _ __   |  ___(_)_ __   __| | ___ _ __
 | || '_ \| __/ _ \/ _` | '__/ _ \| '_ \  | |_  | | '_ \ / _` |/ _ \ '__|
 | || | | | ||  __/ (_| | | | (_) | | | | |  _| | | | | | (_| |  __/ |
|___|_| |_|\__\___|\__, |_|  \___/|_| |_| |_|   |_|_| |_|\__,_|\___|_|
                   |___/

**************************************************************************

integron_finder version 2.0
Using:
 - Python 3.10.6 (main, Mar 10 2023, 10:55:28) [GCC 11.3.0]
 - numpy 1.24.2
 - pandas 1.5.3
 - matplolib 3.7.1
 - biopython 1.81

 - Prodigal V2.6.3: February, 2016
 - INFERNAL 1.1.4 (Dec 2020)
 - HMMER 3.3.2 (Nov 2020); http://hmmer.org/

Authors:
 - Jean Cury, Bertrand Neron, Eduardo Rocha,

Citation:

 Identification and analysis of integrons and cassette arrays in bacterial genomes
 Jean Cury; Thomas Jove; Marie Touchon; Bertrand Neron; Eduardo PC Rocha
 Nucleic Acids Research 2016; doi: 10.1093/nar/gkw319

 If you use --func-annot in conjunction with file NCBIfam-AMRFinder.hmm please also cite

 Haft, DH et al., Nucleic Acids Res. 2018 Jan 4;46(D1):D851-D860
 PMID: 29112715


                     =======================

integron_finder is free software: you can redistribute it and/or modify
it under the terms of the GNU General Public License as published by
the Free Software Foundation, either version 3 of the License, or
(at your option) any later version.

integron_finder is distributed in the hope that it will be useful,
but WITHOUT ANY WARRANTY; without even the implied warranty of
MERCHANTABILITY or FITNESS FOR A PARTICULAR PURPOSE. See the
GNU General Public License for more details.

You should have received a copy of the GNU General Public License
along with this program (COPYING file).
If not, see <http://www.gnu.org/licenses/>.

                     =======================

command used: integron_finder --local-max HQ880273.fasta

                     =======================

[0m
INFO     : ############ Processing replicon HQ880273.1 (1/1) ############

INFO     : Starting Default search ... :
INFO     : Default search done... : 
INFO     : In replicon HQ880273.1, there are:
INFO     : - 0 complete integron(s) found with a total 0 attC site(s)
INFO     : - 1 CALIN element(s) found with a total of 3 attC site(s)
INFO     : - 0 In0 element(s) found with a total of 0 attC site
INFO     : Starting search with local_max...:
INFO     : 	searched 2113->2313 in both strand(s) found 2 attc sites
INFO     : 	searched 0->200 in both strand(s) found 0 attc sites
INFO     : Search with local_max done... :
INFO     : In replicon HQ880273.1, there are:
INFO     : - 0 complete integron(s) found with a total 0 attC site(s)
INFO     : - 1 CALIN element(s) found with a total of 3 attC site(s)
INFO     : - 0 In0 element(s) found with a total of 0 attC site
INFO     : Adding proteins ... :
INFO     : Writing out results for replicon HQ880273.1
INFO     : Merging integrons results.


**************************************************************************
 ___       _                               _____ _           _
|_ _|_ __ | |_ ___  __ _ _ __ ___  _ __   |  ___(_)_ __   __| | ___ _ __
 | || '_ \| __/ _ \/ _` | '__/ _ \| '_ \  | |_  | | '_ \ / _` |/ _ \ '__|
 | || | | | ||  __/ (_| | | | (_) | | | | |  _| | | | | | (_| |  __/ |
|___|_| |_|\__\___|\__, |_|  \___/|_| |_| |_|   |_|_| |_|\__,_|\___|_|
                   |___/

**************************************************************************

integron_finder version 2.0
Using:
 - Python 3.10.6 (main, Mar 10 2023, 10:55:28) [GCC 11.3.0]
 - numpy 1.24.2
 - pandas 1.5.3
 - matplolib 3.7.1
 - biopython 1.81

 - Prodigal V2.6.3: February, 2016
 - INFERNAL 1.1.4 (Dec 2020)
 - HMMER 3.3.2 (Nov 2020); http://hmmer.org/

Authors:
 - Jean Cury, Bertrand Neron, Eduardo Rocha,

Citation:

 Identification and analysis of integrons and cassette arrays in bacterial genomes
 Jean Cury; Thomas Jove; Marie Touchon; Bertrand Neron; Eduardo PC Rocha
 Nucleic Acids Research 2016; doi: 10.1093/nar/gkw319

 If you use --func-annot in conjunction with file NCBIfam-AMRFinder.hmm please also cite

 Haft, DH et al., Nucleic Acids Res. 2018 Jan 4;46(D1):D851-D860
 PMID: 29112715


                     =======================

integron_finder is free software: you can redistribute it and/or modify
it under the terms of the GNU General Public License as published by
the Free Software Foundation, either version 3 of the License, or
(at your option) any later version.

integron_finder is distributed in the hope that it will be useful,
but WITHOUT ANY WARRANTY; without even the implied warranty of
MERCHANTABILITY or FITNESS FOR A PARTICULAR PURPOSE. See the
GNU General Public License for more details.

You should have received a copy of the GNU General Public License
along with this program (COPYING file).
If not, see <http://www.gnu.org/licenses/>.

                     =======================

command used: integron_finder --local-max HQ880273.fasta

                     =======================

[0m
INFO     : ############ Processing replicon HQ880273.1 (1/1) ############

INFO     : Starting Default search ... :
INFO     : Default search done... : 
INFO     : In replicon HQ880273.1, there are:
INFO     : - 0 complete integron(s) found with a total 0 attC site(s)
INFO     : - 1 CALIN element(s) found with a total of 3 attC site(s)
INFO     : - 0 In0 element(s) found with a total of 0 attC site
INFO     : Starting search with local_max...:
INFO     : 	searched 2113->2313 in both strand(s) found 2 attc sites
INFO     : 	searched 0->200 in both strand(s) found 0 attc sites
INFO     : Search with local_max done... :
INFO     : In replicon HQ880273.1, there are:
INFO     : - 0 complete integron(s) found with a total 0 attC site(s)
INFO     : - 1 CALIN element(s) found with a total of 3 attC site(s)
INFO     : - 0 In0 element(s) found with a total of 0 attC site
INFO     : Adding proteins ... :
INFO     : Writing out results for replicon HQ880273.1
INFO     : Merging integrons results.


**************************************************************************
 ___       _                               _____ _           _
|_ _|_ __ | |_ ___  __ _ _ __ ___  _ __   |  ___(_)_ __   __| | ___ _ __
 | || '_ \| __/ _ \/ _` | '__/ _ \| '_ \  | |_  | | '_ \ / _` |/ _ \ '__|
 | || | | | ||  __/ (_| | | | (_) | | | | |  _| | | | | | (_| |  __/ |
|___|_| |_|\__\___|\__, |_|  \___/|_| |_| |_|   |_|_| |_|\__,_|\___|_|
                   |___/

**************************************************************************

integron_finder version 2.0
Using:
 - Python 3.10.6 (main, Mar 10 2023, 10:55:28) [GCC 11.3.0]
 - numpy 1.24.2
 - pandas 1.5.3
 - matplolib 3.7.1
 - biopython 1.81

 - Prodigal V2.6.3: February, 2016
 - INFERNAL 1.1.4 (Dec 2020)
 - HMMER 3.3.2 (Nov 2020); http://hmmer.org/

Authors:
 - Jean Cury, Bertrand Neron, Eduardo Rocha,

Citation:

 Identification and analysis of integrons and cassette arrays in bacterial genomes
 Jean Cury; Thomas Jove; Marie Touchon; Bertrand Neron; Eduardo PC Rocha
 Nucleic Acids Research 2016; doi: 10.1093/nar/gkw319

 If you use --func-annot in conjunction with file NCBIfam-AMRFinder.hmm please also cite

 Haft, DH et al., Nucleic Acids Res. 2018 Jan 4;46(D1):D851-D860
 PMID: 29112715


                     =======================

integron_finder is free software: you can redistribute it and/or modify
it under the terms of the GNU General Public License as published by
the Free Software Foundation, either version 3 of the License, or
(at your option) any later version.

integron_finder is distributed in the hope that it will be useful,
but WITHOUT ANY WARRANTY; without even the implied warranty of
MERCHANTABILITY or FITNESS FOR A PARTICULAR PURPOSE. See the
GNU General Public License for more details.

You should have received a copy of the GNU General Public License
along with this program (COPYING file).
If not, see <http://www.gnu.org/licenses/>.

                     =======================

command used: integron_finder --local-max HQ880273.fasta

                     =======================

[0m
INFO     : ############ Processing replicon HQ880273.1 (1/1) ############

INFO     : Starting Default search ... :
INFO     : Default search done... : 
INFO     : In replicon HQ880273.1, there are:
INFO     : - 0 complete integron(s) found with a total 0 attC site(s)
INFO     : - 1 CALIN element(s) found with a total of 3 attC site(s)
INFO     : - 0 In0 element(s) found with a total of 0 attC site
INFO     : Starting search with local_max...:
INFO     : 	searched 2113->2313 in both strand(s) found 2 attc sites
INFO     : 	searched 0->200 in both strand(s) found 0 attc sites
INFO     : Search with local_max done... :
INFO     : In replicon HQ880273.1, there are:
INFO     : - 0 complete integron(s) found with a total 0 attC site(s)
INFO     : - 1 CALIN element(s) found with a total of 3 attC site(s)
INFO     : - 0 In0 element(s) found with a total of 0 attC site
INFO     : Adding proteins ... :
INFO     : Writing out results for replicon HQ880273.1
INFO     : Merging integrons results.

